# JRE version: OpenJDK Runtime Environment (11.0.11+9) (build 11.0.11+9-b60-7590822)
# Java VM: OpenJDK 64-Bit Server VM (11.0.11+9-b60-7590822, mixed mode, tiered, compressed oops, g1 gc, windows-amd64)
Heap:
 garbage-first heap   total 342016K, used 222734K [0x00000000a0000000, 0x0000000100000000)
  region size 1024K, 33 young (33792K), 7 survivors (7168K)
 Metaspace       used 124138K, capacity 127943K, committed 128896K, reserved 1161216K
  class space    used 15745K, capacity 16974K, committed 17280K, reserved 1048576K
GC Heap History (20 events):
Event: 60.323 GC heap before
{Heap before GC invocations=156 (full 0):
 garbage-first heap   total 289792K, used 252047K [0x00000000a0000000, 0x0000000100000000)
  region size 1024K, 59 young (60416K), 4 survivors (4096K)
 Metaspace       used 123890K, capacity 127647K, committed 128640K, reserved 1161216K
  class space    used 15736K, capacity 16968K, committed 17280K, reserved 1048576K
}
Event: 60.325 GC heap after
{Heap after GC invocations=157 (full 0):
 garbage-first heap   total 289792K, used 197267K [0x00000000a0000000, 0x0000000100000000)
  region size 1024K, 5 young (5120K), 5 survivors (5120K)
 Metaspace       used 123890K, capacity 127647K, committed 128640K, reserved 1161216K
  class space    used 15736K, capacity 16968K, committed 17280K, reserved 1048576K
}
Event: 60.339 GC heap before
{Heap before GC invocations=157 (full 0):
 garbage-first heap   total 289792K, used 206483K [0x00000000a0000000, 0x0000000100000000)
  region size 1024K, 14 young (14336K), 5 survivors (5120K)
 Metaspace       used 123890K, capacity 127647K, committed 128640K, reserved 1161216K
  class space    used 15736K, capacity 16968K, committed 17280K, reserved 1048576K
}
Event: 60.342 GC heap after
{Heap after GC invocations=158 (full 0):
 garbage-first heap   total 289792K, used 196641K [0x00000000a0000000, 0x0000000100000000)
  region size 1024K, 1 young (1024K), 1 survivors (1024K)
 Metaspace       used 123890K, capacity 127647K, committed 128640K, reserved 1161216K
  class space    used 15736K, capacity 16968K, committed 17280K, reserved 1048576K
}
Event: 60.413 GC heap before
{Heap before GC invocations=158 (full 0):
 garbage-first heap   total 289792K, used 251937K [0x00000000a0000000, 0x0000000100000000)
  region size 1024K, 55 young (56320K), 1 survivors (1024K)
 Metaspace       used 123890K, capacity 127647K, committed 128640K, reserved 1161216K
  class space    used 15736K, capacity 16968K, committed 17280K, reserved 1048576K
}
Event: 60.415 GC heap after
{Heap after GC invocations=159 (full 0):
 garbage-first heap   total 289792K, used 198164K [0x00000000a0000000, 0x0000000100000000)
  region size 1024K, 3 young (3072K), 3 survivors (3072K)
 Metaspace       used 123890K, capacity 127647K, committed 128640K, reserved 1161216K
  class space    used 15736K, capacity 16968K, committed 17280K, reserved 1048576K
}
Event: 60.488 GC heap before
{Heap before GC invocations=159 (full 0):
 garbage-first heap   total 289792K, used 252436K [0x00000000a0000000, 0x0000000100000000)
  region size 1024K, 56 young (57344K), 3 survivors (3072K)
 Metaspace       used 123890K, capacity 127647K, committed 128640K, reserved 1161216K
  class space    used 15736K, capacity 16968K, committed 17280K, reserved 1048576K
}
Event: 60.490 GC heap after
{Heap after GC invocations=160 (full 0):
 garbage-first heap   total 289792K, used 199802K [0x00000000a0000000, 0x0000000100000000)
  region size 1024K, 4 young (4096K), 4 survivors (4096K)
 Metaspace       used 123890K, capacity 127647K, committed 128640K, reserved 1161216K
  class space    used 15736K, capacity 16968K, committed 17280K, reserved 1048576K
}
Event: 60.585 GC heap before
{Heap before GC invocations=160 (full 0):
 garbage-first heap   total 289792K, used 225402K [0x00000000a0000000, 0x0000000100000000)
  region size 1024K, 30 young (30720K), 4 survivors (4096K)
 Metaspace       used 123935K, capacity 127647K, committed 128640K, reserved 1161216K
  class space    used 15741K, capacity 16968K, committed 17280K, reserved 1048576K
}
Event: 60.588 GC heap after
{Heap after GC invocations=161 (full 0):
 garbage-first heap   total 289792K, used 200584K [0x00000000a0000000, 0x0000000100000000)
  region size 1024K, 5 young (5120K), 5 survivors (5120K)
 Metaspace       used 123935K, capacity 127647K, committed 128640K, reserved 1161216K
  class space    used 15741K, capacity 16968K, committed 17280K, reserved 1048576K
}
Event: 60.789 GC heap before
{Heap before GC invocations=161 (full 0):
 garbage-first heap   total 289792K, used 240520K [0x00000000a0000000, 0x0000000100000000)
  region size 1024K, 47 young (48128K), 5 survivors (5120K)
 Metaspace       used 123935K, capacity 127647K, committed 128640K, reserved 1161216K
  class space    used 15741K, capacity 16968K, committed 17280K, reserved 1048576K
}
Event: 60.793 GC heap after
{Heap after GC invocations=162 (full 0):
 garbage-first heap   total 289792K, used 196410K [0x00000000a0000000, 0x0000000100000000)
  region size 1024K, 4 young (4096K), 4 survivors (4096K)
 Metaspace       used 123935K, capacity 127647K, committed 128640K, reserved 1161216K
  class space    used 15741K, capacity 16968K, committed 17280K, reserved 1048576K
}
Event: 60.953 GC heap before
{Heap before GC invocations=163 (full 0):
 garbage-first heap   total 289792K, used 242490K [0x00000000a0000000, 0x0000000100000000)
  region size 1024K, 49 young (50176K), 4 survivors (4096K)
 Metaspace       used 123935K, capacity 127647K, committed 128640K, reserved 1161216K
  class space    used 15741K, capacity 16968K, committed 17280K, reserved 1048576K
}
Event: 60.956 GC heap after
{Heap after GC invocations=164 (full 0):
 garbage-first heap   total 342016K, used 196341K [0x00000000a0000000, 0x0000000100000000)
  region size 1024K, 4 young (4096K), 4 survivors (4096K)
 Metaspace       used 123935K, capacity 127647K, committed 128640K, reserved 1161216K
  class space    used 15741K, capacity 16968K, committed 17280K, reserved 1048576K
}
Event: 61.000 GC heap before
{Heap before GC invocations=164 (full 0):
 garbage-first heap   total 342016K, used 208629K [0x00000000a0000000, 0x0000000100000000)
  region size 1024K, 16 young (16384K), 4 survivors (4096K)
 Metaspace       used 123935K, capacity 127647K, committed 128640K, reserved 1161216K
  class space    used 15741K, capacity 16968K, committed 17280K, reserved 1048576K
}
Event: 61.002 GC heap after
{Heap after GC invocations=165 (full 0):
 garbage-first heap   total 342016K, used 191296K [0x00000000a0000000, 0x0000000100000000)
  region size 1024K, 1 young (1024K), 1 survivors (1024K)
 Metaspace       used 123935K, capacity 127647K, committed 128640K, reserved 1161216K
  class space    used 15741K, capacity 16968K, committed 17280K, reserved 1048576K
}
Event: 61.262 GC heap before
{Heap before GC invocations=165 (full 0):
 garbage-first heap   total 342016K, used 272192K [0x00000000a0000000, 0x0000000100000000)
  region size 1024K, 80 young (81920K), 1 survivors (1024K)
 Metaspace       used 123937K, capacity 127647K, committed 128640K, reserved 1161216K
  class space    used 15741K, capacity 16968K, committed 17280K, reserved 1048576K
}
Event: 61.264 GC heap after
{Heap after GC invocations=166 (full 0):
 garbage-first heap   total 342016K, used 191282K [0x00000000a0000000, 0x0000000100000000)
  region size 1024K, 1 young (1024K), 1 survivors (1024K)
 Metaspace       used 123937K, capacity 127647K, committed 128640K, reserved 1161216K
  class space    used 15741K, capacity 16968K, committed 17280K, reserved 1048576K
}
Event: 61.918 GC heap before
{Heap before GC invocations=166 (full 0):
 garbage-first heap   total 342016K, used 280370K [0x00000000a0000000, 0x0000000100000000)
  region size 1024K, 86 young (88064K), 1 survivors (1024K)
 Metaspace       used 124138K, capacity 127943K, committed 128896K, reserved 1161216K
  class space    used 15745K, capacity 16974K, committed 17280K, reserved 1048576K
}
Event: 61.923 GC heap after
{Heap after GC invocations=167 (full 0):
 garbage-first heap   total 342016K, used 197134K [0x00000000a0000000, 0x0000000100000000)
  region size 1024K, 7 young (7168K), 7 survivors (7168K)
 Metaspace       used 124138K, capacity 127943K, committed 128896K, reserved 1161216K
  class space    used 15745K, capacity 16974K, committed 17280K, reserved 1048576K
}

