# JRE version: OpenJDK Runtime Environment (11.0.11+9) (build 11.0.11+9-b60-7590822)
# Java VM: OpenJDK 64-Bit Server VM (11.0.11+9-b60-7590822, mixed mode, tiered, compressed oops, g1 gc, windows-amd64)
Heap:
 garbage-first heap   total 126976K, used 33990K [0x00000000a0000000, 0x0000000100000000)
  region size 1024K, 16 young (16384K), 9 survivors (9216K)
 Metaspace       used 41079K, capacity 42049K, committed 42188K, reserved 1085440K
  class space    used 5256K, capacity 5618K, committed 5632K, reserved 1048576K
GC Heap History (10 events):
Event: 0.495 GC heap before
{Heap before GC invocations=0 (full 0):
 garbage-first heap   total 126976K, used 29696K [0x00000000a0000000, 0x0000000100000000)
  region size 1024K, 24 young (24576K), 0 survivors (0K)
 Metaspace       used 10152K, capacity 10365K, committed 10624K, reserved 1058816K
  class space    used 1066K, capacity 1140K, committed 1152K, reserved 1048576K
}
Event: 0.502 GC heap after
{Heap after GC invocations=1 (full 0):
 garbage-first heap   total 126976K, used 9677K [0x00000000a0000000, 0x0000000100000000)
  region size 1024K, 3 young (3072K), 3 survivors (3072K)
 Metaspace       used 10152K, capacity 10365K, committed 10624K, reserved 1058816K
  class space    used 1066K, capacity 1140K, committed 1152K, reserved 1048576K
}
Event: 2.185 GC heap before
{Heap before GC invocations=1 (full 0):
 garbage-first heap   total 126976K, used 82381K [0x00000000a0000000, 0x0000000100000000)
  region size 1024K, 74 young (75776K), 3 survivors (3072K)
 Metaspace       used 17511K, capacity 17881K, committed 18176K, reserved 1064960K
  class space    used 2067K, capacity 2179K, committed 2304K, reserved 1048576K
}
Event: 2.193 GC heap after
{Heap after GC invocations=2 (full 0):
 garbage-first heap   total 126976K, used 16131K [0x00000000a0000000, 0x0000000100000000)
  region size 1024K, 10 young (10240K), 10 survivors (10240K)
 Metaspace       used 17511K, capacity 17881K, committed 18176K, reserved 1064960K
  class space    used 2067K, capacity 2179K, committed 2304K, reserved 1048576K
}
Event: 2.447 GC heap before
{Heap before GC invocations=2 (full 0):
 garbage-first heap   total 126976K, used 41731K [0x00000000a0000000, 0x0000000100000000)
  region size 1024K, 36 young (36864K), 10 survivors (10240K)
 Metaspace       used 20610K, capacity 21068K, committed 21248K, reserved 1067008K
  class space    used 2516K, capacity 2692K, committed 2816K, reserved 1048576K
}
Event: 2.454 GC heap after
{Heap after GC invocations=3 (full 0):
 garbage-first heap   total 126976K, used 17299K [0x00000000a0000000, 0x0000000100000000)
  region size 1024K, 2 young (2048K), 2 survivors (2048K)
 Metaspace       used 20610K, capacity 21068K, committed 21248K, reserved 1067008K
  class space    used 2516K, capacity 2692K, committed 2816K, reserved 1048576K
}
Event: 3.082 GC heap before
{Heap before GC invocations=4 (full 0):
 garbage-first heap   total 126976K, used 79763K [0x00000000a0000000, 0x0000000100000000)
  region size 1024K, 63 young (64512K), 2 survivors (2048K)
 Metaspace       used 26830K, capacity 27410K, committed 27520K, reserved 1073152K
  class space    used 3503K, capacity 3706K, committed 3712K, reserved 1048576K
}
Event: 3.088 GC heap after
{Heap after GC invocations=5 (full 0):
 garbage-first heap   total 126976K, used 19193K [0x00000000a0000000, 0x0000000100000000)
  region size 1024K, 4 young (4096K), 4 survivors (4096K)
 Metaspace       used 26830K, capacity 27410K, committed 27520K, reserved 1073152K
  class space    used 3503K, capacity 3706K, committed 3712K, reserved 1048576K
}
Event: 3.733 GC heap before
{Heap before GC invocations=5 (full 0):
 garbage-first heap   total 126976K, used 72441K [0x00000000a0000000, 0x0000000100000000)
  region size 1024K, 57 young (58368K), 4 survivors (4096K)
 Metaspace       used 35028K, capacity 35777K, committed 35840K, reserved 1081344K
  class space    used 4541K, capacity 4838K, committed 4864K, reserved 1048576K
}
Event: 3.740 GC heap after
{Heap after GC invocations=6 (full 0):
 garbage-first heap   total 126976K, used 22613K [0x00000000a0000000, 0x0000000100000000)
  region size 1024K, 7 young (7168K), 7 survivors (7168K)
 Metaspace       used 35028K, capacity 35777K, committed 35840K, reserved 1081344K
  class space    used 4541K, capacity 4838K, committed 4864K, reserved 1048576K
}

