# JRE version: OpenJDK Runtime Environment (11.0.11+9) (build 11.0.11+9-b60-7590822)
# Java VM: OpenJDK 64-Bit Server VM (11.0.11+9-b60-7590822, mixed mode, tiered, compressed oops, g1 gc, windows-amd64)
Heap:
 garbage-first heap   total 126976K, used 74757K [0x00000000a0000000, 0x0000000100000000)
  region size 1024K, 56 young (57344K), 9 survivors (9216K)
 Metaspace       used 43842K, capacity 44797K, committed 44876K, reserved 1087488K
  class space    used 5559K, capacity 5933K, committed 5964K, reserved 1048576K
GC Heap History (12 events):
Event: 0.475 GC heap before
{Heap before GC invocations=0 (full 0):
 garbage-first heap   total 126976K, used 29696K [0x00000000a0000000, 0x0000000100000000)
  region size 1024K, 24 young (24576K), 0 survivors (0K)
 Metaspace       used 10161K, capacity 10365K, committed 10624K, reserved 1058816K
  class space    used 1067K, capacity 1140K, committed 1152K, reserved 1048576K
}
Event: 0.481 GC heap after
{Heap after GC invocations=1 (full 0):
 garbage-first heap   total 126976K, used 9178K [0x00000000a0000000, 0x0000000100000000)
  region size 1024K, 3 young (3072K), 3 survivors (3072K)
 Metaspace       used 10161K, capacity 10365K, committed 10624K, reserved 1058816K
  class space    used 1067K, capacity 1140K, committed 1152K, reserved 1048576K
}
Event: 2.177 GC heap before
{Heap before GC invocations=1 (full 0):
 garbage-first heap   total 126976K, used 81882K [0x00000000a0000000, 0x0000000100000000)
  region size 1024K, 74 young (75776K), 3 survivors (3072K)
 Metaspace       used 17507K, capacity 17881K, committed 18176K, reserved 1064960K
  class space    used 2069K, capacity 2179K, committed 2304K, reserved 1048576K
}
Event: 2.183 GC heap after
{Heap after GC invocations=2 (full 0):
 garbage-first heap   total 126976K, used 15931K [0x00000000a0000000, 0x0000000100000000)
  region size 1024K, 10 young (10240K), 10 survivors (10240K)
 Metaspace       used 17507K, capacity 17881K, committed 18176K, reserved 1064960K
  class space    used 2069K, capacity 2179K, committed 2304K, reserved 1048576K
}
Event: 2.435 GC heap before
{Heap before GC invocations=2 (full 0):
 garbage-first heap   total 126976K, used 40507K [0x00000000a0000000, 0x0000000100000000)
  region size 1024K, 35 young (35840K), 10 survivors (10240K)
 Metaspace       used 20622K, capacity 21068K, committed 21248K, reserved 1067008K
  class space    used 2517K, capacity 2692K, committed 2816K, reserved 1048576K
}
Event: 2.442 GC heap after
{Heap after GC invocations=3 (full 0):
 garbage-first heap   total 126976K, used 17335K [0x00000000a0000000, 0x0000000100000000)
  region size 1024K, 2 young (2048K), 2 survivors (2048K)
 Metaspace       used 20622K, capacity 21068K, committed 21248K, reserved 1067008K
  class space    used 2517K, capacity 2692K, committed 2816K, reserved 1048576K
}
Event: 3.055 GC heap before
{Heap before GC invocations=4 (full 0):
 garbage-first heap   total 126976K, used 72631K [0x00000000a0000000, 0x0000000100000000)
  region size 1024K, 56 young (57344K), 2 survivors (2048K)
 Metaspace       used 26502K, capacity 27116K, committed 27264K, reserved 1073152K
  class space    used 3445K, capacity 3672K, committed 3712K, reserved 1048576K
}
Event: 3.058 GC heap after
{Heap after GC invocations=5 (full 0):
 garbage-first heap   total 126976K, used 19072K [0x00000000a0000000, 0x0000000100000000)
  region size 1024K, 3 young (3072K), 3 survivors (3072K)
 Metaspace       used 26502K, capacity 27116K, committed 27264K, reserved 1073152K
  class space    used 3445K, capacity 3672K, committed 3712K, reserved 1048576K
}
Event: 3.944 GC heap before
{Heap before GC invocations=5 (full 0):
 garbage-first heap   total 126976K, used 78464K [0x00000000a0000000, 0x0000000100000000)
  region size 1024K, 62 young (63488K), 3 survivors (3072K)
 Metaspace       used 35043K, capacity 35773K, committed 35840K, reserved 1081344K
  class space    used 4538K, capacity 4837K, committed 4864K, reserved 1048576K
}
Event: 3.951 GC heap after
{Heap after GC invocations=6 (full 0):
 garbage-first heap   total 126976K, used 22586K [0x00000000a0000000, 0x0000000100000000)
  region size 1024K, 7 young (7168K), 7 survivors (7168K)
 Metaspace       used 35043K, capacity 35773K, committed 35840K, reserved 1081344K
  class space    used 4538K, capacity 4837K, committed 4864K, reserved 1048576K
}
Event: 4.820 GC heap before
{Heap before GC invocations=7 (full 0):
 garbage-first heap   total 126976K, used 87098K [0x00000000a0000000, 0x0000000100000000)
  region size 1024K, 68 young (69632K), 7 survivors (7168K)
 Metaspace       used 39967K, capacity 40974K, committed 41164K, reserved 1085440K
  class space    used 5101K, capacity 5475K, committed 5580K, reserved 1048576K
}
Event: 4.830 GC heap after
{Heap after GC invocations=8 (full 0):
 garbage-first heap   total 126976K, used 27653K [0x00000000a0000000, 0x0000000100000000)
  region size 1024K, 9 young (9216K), 9 survivors (9216K)
 Metaspace       used 39967K, capacity 40974K, committed 41164K, reserved 1085440K
  class space    used 5101K, capacity 5475K, committed 5580K, reserved 1048576K
}

